<?xml version="1.0" encoding="UTF-8"?><!DOCTYPE suite SYSTEM "http://testng.org/testng-1.0.dtd" >

<suite name="Framework Smoke Test Suite" verbose="1" parallel="tests" thread-count="5" data-provider-thread-count="5">

    <test name="Herokuapp Data Table Test">
        <parameter name="url" value="https://the-internet.herokuapp.com/tables"/>
        <classes>
            <class name="com.automation.common.ui.app.tests.HerokuappDataTableTest"/>
        </classes>
    </test>

    <test name="Herokuapp Data Table Equals Test">
        <parameter name="url" value="https://the-internet.herokuapp.com/tables"/>
        <classes>
            <class name="com.automation.common.ui.app.tests.HerokuappDataTableEqualsTest"/>
        </classes>
    </test>

    <test name="Row Matching Test">
        <parameter name="url" value="https://the-internet.herokuapp.com/tables"/>
        <parameter name="data-set" value="data/ui/RowMatching_TestData.xml"/>
        <classes>
            <class name="com.automation.common.ui.app.tests.RowMatchingTest"/>
        </classes>
    </test>

    <test name="Change Browser Test">
        <classes>
            <class name="com.automation.common.ui.app.tests.ChangeBrowserTest"/>
        </classes>
    </test>

    <test name="Data Provider Test">
        <parameter name="Data Provider Test" value="data/ui/LinksTestData.xml"/>
        <classes>
            <class name="com.automation.common.ui.app.tests.DataProviderTest"/>
        </classes>
    </test>

    <test name="Allure Functionality Test">
        <parameter name="data-set" value="data/ui/TNHC_TestData.xml"/>
        <parameter name="status" value="true"/>
        <classes>
            <class name="com.automation.common.ui.app.tests.AllureFunctionalityTest"/>
        </classes>
    </test>

    <test name="Allure Functionality Failure Test">
        <parameter name="data-set" value="data/ui/TNHC_TestData.xml"/>
        <parameter name="status" value="0"/>
        <classes>
            <class name="com.automation.common.ui.app.tests.AllureFunctionalityTest"/>
        </classes>
    </test>

    <test name="Retry with Pass Test">
        <parameter name="url" value="https://duckduckgo.com/"/>
        <classes>
            <class name="com.automation.common.ui.app.tests.RetryTest"/>
        </classes>
    </test>

    <test name="Component Data Test">
        <parameter name="data-set" value="data/ui/AllComponents_TestData.xml"/>
        <classes>
            <class name="com.automation.common.ui.app.tests.ComponentDataTest"/>
        </classes>
    </test>

    <test name="Lambda Expression Matcher Test">
        <parameter name="url" value="https://the-internet.herokuapp.com/add_remove_elements/"/>
        <classes>
            <class name="com.automation.common.ui.app.tests.LambdaExpressionMatcherTest"/>
        </classes>
    </test>

    <test name="Expected Conditions Matcher Test">
        <parameter name="url" value="https://the-internet.herokuapp.com/add_remove_elements/"/>
        <classes>
            <class name="com.automation.common.ui.app.tests.ExpectedConditionsMatcherTest"/>
        </classes>
    </test>

    <test name="Asserts Test">
        <parameter name="data-set" value="data/ui/TNHC_TestData.xml"/>
        <classes>
            <class name="com.automation.common.ui.app.tests.AssertsTest"/>
        </classes>
    </test>

    <test name="Same Thread Test">
        <classes>
            <class name="com.automation.common.ui.app.tests.SameThreadTest"/>
        </classes>
    </test>

    <test name="BDD without feature files - scenario 1 - Test">
        <parameter name="url" value="https://krebsonsecurity.com/"/>
        <parameter name="data-set" value="data/ui/NoFeatureFilesForBDDScenario1_TestData.xml"/>
        <classes>
            <class name="com.automation.common.ui.app.tests.NoFeatureFilesForBDDTest"/>
        </classes>
    </test>

    <test name="BDD without feature files - scenario 2 - Test">
        <parameter name="url" value="https://www.theregister.co.uk/"/>
        <parameter name="data-set" value="data/ui/NoFeatureFilesForBDDScenario2_TestData.xml"/>
        <classes>
            <class name="com.automation.common.ui.app.tests.NoFeatureFilesForBDDTest"/>
        </classes>
    </test>

    <test name="BDD without feature files - scenario 3 - Test">
        <parameter name="url" value="https://the-internet.herokuapp.com/tables"/>
        <parameter name="data-set" value="data/ui/NoFeatureFilesForBDDScenario3_TestData.xml"/>
        <classes>
            <class name="com.automation.common.ui.app.tests.NoFeatureFilesForBDDTest"/>
        </classes>
    </test>

    <test name="API - BDD without feature files - scenario 1 - Test">
        <parameter name="data-set" value="data/api/NoFeatureFilesForBDDScenario1_TestData.xml"/>
        <classes>
            <class name="com.automation.common.api.tests.NoFeatureFilesForBDDTest"/>
        </classes>
    </test>

    <test name="API - BDD without feature files - scenario 2 - Test">
        <parameter name="data-set" value="data/api/NoFeatureFilesForBDDScenario2_TestData.xml"/>
        <classes>
            <class name="com.automation.common.api.tests.NoFeatureFilesForBDDTest"/>
        </classes>
    </test>

    <test name="API - BDD without feature files - scenario 3 - Test">
        <parameter name="data-set" value="data/api/NoFeatureFilesForBDDScenario3_TestData.xml"/>
        <classes>
            <class name="com.automation.common.api.tests.NoFeatureFilesForBDDTest"/>
        </classes>
    </test>

    <test name="PrimeFaces Dashboard Test">
        <parameter name="url" value="https://www.primefaces.org/showcase/ui/panel/dashboard.xhtml"/>
        <parameter name="data-set" value="data/ui/PrimeFacesDashboard_TestData.xml"/>
        <classes>
            <class name="com.automation.common.ui.app.tests.PrimeFacesDashboardTest"/>
        </classes>
    </test>

    <test name="RoboForm Test">
        <parameter name="url" value="https://www.roboform.com/filling-test-all-fields"/>
        <parameter name="data-set" value="data/ui/RoboForm_TestData.xml"/>
        <classes>
            <class name="com.automation.common.ui.app.tests.RoboFormTest"/>
        </classes>
    </test>

    <test name="RoboFormDynamic Test">
        <parameter name="url" value="https://www.roboform.com/filling-test-all-fields"/>
        <parameter name="data-set" value="data/ui/RoboFormDynamic_TestData.xml"/>
        <classes>
            <class name="com.automation.common.ui.app.tests.RoboFormTest"/>
        </classes>
    </test>

    <test name="Jexl Expression Test">
        <parameter name="data-set" value="data/ui/JexlExpresion_TestData.xml"/>
        <classes>
            <class name="com.automation.common.ui.app.tests.JexlExpressionTest"/>
        </classes>
    </test>

    <test name="JSON IP Test">
        <parameter name="api-url" value="https://jsonip.com"/>
        <parameter name="data-json-ip" value="data/api/JsonIp_TestData.xml"/>
        <classes>
            <class name="com.automation.common.api.tests.JsonIpTest"/>
        </classes>
    </test>

    <test name="Environments Setup Test">
        <classes>
            <class name="com.automation.common.ui.app.tests.EnvironmentsSetupTest"/>
        </classes>
    </test>

    <test name="Missing Parameter Failure (before) Test">
        <classes>
            <class name="com.automation.common.ui.app.tests.TestNgRunnerTest"/>
        </classes>
    </test>

    <test name="Missing Parameter Failure (at) Test">
        <parameter name="data-set" value="data/ui/TNHC_TestData.xml"/>
        <classes>
            <class name="com.automation.common.ui.app.tests.AllureFunctionalityTest"/>
        </classes>
    </test>

    <test name="Standard Failure Test">
        <parameter name="scenario" value="STANDARD_FAILURE"/>
        <classes>
            <class name="com.automation.common.ui.app.tests.TestNgRunnerTest"/>
        </classes>
    </test>

    <test name="Address Provider Test - AL">
        <parameter name="data-set" value="data/ui/GenericAddress_TestData.xml"/>
        <parameter name="state" value="AL"/>
        <classes>
            <class name="com.automation.common.ui.app.tests.AddressProviderTest"/>
        </classes>
    </test>

    <test name="Address Provider Test - CO">
        <parameter name="data-set" value="data/ui/GenericAddress_TestData.xml"/>
        <parameter name="state" value="CO"/>
        <classes>
            <class name="com.automation.common.ui.app.tests.AddressProviderTest"/>
        </classes>
    </test>

    <test name="Address Provider Test - ID">
        <parameter name="data-set" value="data/ui/GenericAddress_TestData.xml"/>
        <parameter name="state" value="ID"/>
        <classes>
            <class name="com.automation.common.ui.app.tests.AddressProviderTest"/>
        </classes>
    </test>

    <test name="Group Rows Test">
        <classes>
            <class name="com.automation.common.ui.app.tests.GroupRowsTest"/>
        </classes>
    </test>

    <test name="Excel Test">
        <parameter name="data-set-xls" value="data/ui/testingExcel.xls"/>
        <parameter name="data-set-xlsx" value="data/ui/testingExcel2013.xlsx"/>
        <parameter name="worksheet-sheet1" value="Sheet1"/>
        <parameter name="worksheet-sheet2" value="Another Sheet"/>
        <classes>
            <class name="com.automation.common.ui.app.tests.ExcelTest"/>
        </classes>
    </test>

    <test name="Before Class Failure Test">
        <parameter name="scenario" value="BEFORE_CLASS_FAILURE"/>
        <classes>
            <class name="com.automation.common.ui.app.tests.TestNgRunnerTest"/>
        </classes>
    </test>

    <test name="Date Actions Tests">
        <classes>
            <class name="com.automation.common.ui.app.tests.DateActionsTest"/>
        </classes>
    </test>

    <test name="LocatorUtils Tests">
        <classes>
            <class name="com.automation.common.ui.app.tests.LocatorUtilsTest"/>
        </classes>
    </test>

    <test name="Misc/Experiment Tests">
        <classes>
            <class name="com.automation.common.ui.app.tests.MiscTest"/>
        </classes>
    </test>

    <test name="CSV List Test">
        <parameter name="csv" value="data/ui/list-testing.csv"/>
        <classes>
            <class name="com.automation.common.ui.app.tests.CsvListTest"/>
        </classes>
    </test>

    <test name="Before Test Failure Test">
        <parameter name="scenario" value="BEFORE_TEST_FAILURE"/>
        <classes>
            <class name="com.automation.common.ui.app.tests.TestNgRunnerTest"/>
        </classes>
    </test>

    <test name="Page Level Summaries Tests">
        <classes>
            <class name="com.automation.common.ui.app.tests.PageLevelSummariesTest"/>
        </classes>
    </test>

    <test name="Parsing And Condition Tests">
        <classes>
            <class name="com.automation.common.ui.app.tests.ParsingAndConditionTest"/>
        </classes>
    </test>

    <test name="After Test Failure Test">
        <parameter name="scenario" value="AFTER_TEST_FAILURE"/>
        <classes>
            <class name="com.automation.common.ui.app.tests.TestNgRunnerTest"/>
        </classes>
    </test>

    <test name="Split &amp; Sorting Test">
        <classes>
            <class name="com.automation.common.ui.app.tests.SplitTest"/>
        </classes>
    </test>

    <test name="License Provider Tests">
        <classes>
            <class name="com.automation.common.ui.app.tests.LicenseProviderTest"/>
        </classes>
    </test>

    <test name="Extracted Workflow Data Test">
        <classes>
            <class name="com.automation.common.ui.app.tests.ExtractedWorkflowDataTest"/>
        </classes>
    </test>

    <test name="Cache Test">
        <classes>
            <class name="com.automation.common.ui.app.tests.CacheTest"/>
        </classes>
    </test>

    <test name="Guava Test">
        <classes>
            <class name="com.automation.common.ui.app.tests.GuavaTest"/>
        </classes>
    </test>

    <test name="StringMod Test">
        <classes>
            <class name="com.automation.common.ui.app.tests.StringModTest"/>
        </classes>
    </test>

    <test name="After Class Failure Test">
        <parameter name="scenario" value="AFTER_CLASS_FAILURE"/>
        <classes>
            <class name="com.automation.common.ui.app.tests.TestNgRunnerTest"/>
        </classes>
    </test>

    <!--
    <test name="Open Report Test">
        <parameter name="allure-report" value="/target/allure-report"/>
        <classes>
            <class name="com.automation.common.ui.app.tests.OpenAllureReportTest"/>
        </classes>
    </test>
    -->

    <!--
    <test name="Create Report Test">
        <parameter name="output-folder" value="/home/user/generated-report"/>
        <parameter name="allure-results" value="/home/user/allure-results-run1,/home/user/allure-results-run3"/>
        <classes>
            <class name="com.automation.common.ui.app.tests.CreateAllureReportTest"/>
        </classes>
    </test>
    -->

    <!--
    <test name="Launch Multiple Browsers Test">
        <classes>
            <class name="com.automation.common.ui.app.tests.LaunchMultipleBrowsersTest"/>
        </classes>
    </test>
    -->

    <!--
    <test name="Calculator App Test">
        <parameter name="data-set" value="data/mobile/Calculator_TestData.xml"/>
        <classes>
            <class name="com.automation.common.mobile.tests.CalculatorAppTest"/>
        </classes>
    </test>
    -->

    <!--
    <test name="Change Apps Test">
        <classes>
            <class name="com.automation.common.mobile.tests.ChangeAppsTest"/>
        </classes>
    </test>
    -->

    <!--
    <test name="Excel 2013 Test">
        <parameter name="excel" value="data/ui/excel-test-cases.xlsx"/>
        <parameter name="worksheet" value="Sheet1"/>
        <classes>
            <class name="com.automation.common.ui.app.tests.Excel2013Test"/>
        </classes>
    </test>
    -->

    <!--
    <test name="CSV List Test">
        <parameter name="csv" value="data/ui/list-testing.csv"/>
        <classes>
            <class name="com.automation.common.ui.app.tests.CsvListTest"/>
        </classes>
    </test>
    -->

    <!--
    <test name="Masking Test">
        <parameter name="file" value="data/ui/testingExcel.xls"/>
        <parameter name="extension" value=".xls"/>
        <classes>
            <class name="com.automation.common.ui.app.tests.MaskFileTest"/>
        </classes>
    </test>
    -->

    <!--
    <test name="CSV Test">
        <parameter name="csv" value="data/ui/test-cases.csv"/>
        <classes>
            <class name="com.automation.common.ui.app.tests.CsvTest"/>
        </classes>
    </test>
    -->

    <!--
    <test name="Switch Dynamic Locator Test">
        <parameter name="data-set" value="data/ui/TNHC_TestData.xml"/>
        <classes>
            <class name="com.automation.common.ui.app.tests.TNHC_Test">
                <methods>
                    <include name="dynamicLocatorSwitchingTest"/>
                </methods>
            </class>
        </classes>
    </test>

    <test name="Dynamic Locator Test">
        <parameter name="data-set" value="data/ui/TNHC_TestData.xml"/>
        <classes>
            <class name="com.automation.common.ui.app.tests.TNHC_Test">
                <methods>
                    <include name="dynamicLocatorTest"/>
                </methods>
            </class>
        </classes>
    </test>
    -->

    <!--
    <test name="Soap Get Holiday Date Test">
        <parameter name="data-soap-get-holiday-date" value="data/api/SoapGetHolidayDateTestData.xml"/>
        <classes>
            <class name="com.automation.common.api.tests.SoapHolidayTest"/>
        </classes>
    </test>
    -->

    <!--
    <test name="Conditional Test">
        <classes>
            <class name="com.automation.common.ui.app.tests.ConditionalTest">
                <methods>
                    <include name="multipleCriteriaTest"/>
                </methods>
            </class>
        </classes>
    </test>
    -->

    <!--
    <test name="True North Hockey Canada Test 1">
        <parameter name="data-set" value="data/ui/TNHC_TestData.xml"/>
        <classes>
            <class name="com.automation.common.ui.app.tests.TNHC_Test"/>
        </classes>
    </test>

    <test name="True North Hockey Canada Test 2">
        <parameter name="data-set" value="data/ui/TNHC_TestData.xml"/>
        <classes>
            <class name="com.automation.common.ui.app.tests.TNHC_Test"/>
        </classes>
    </test>

    <test name="True North Hockey Canada Test 3">
        <parameter name="data-set" value="data/ui/TNHC_TestData.xml"/>
        <classes>
            <class name="com.automation.common.ui.app.tests.TNHC_Test">
                <methods>
                    <include name="generalUnitTest"/>
                    <exclude name=".*"/>
                </methods>
            </class>
        </classes>
    </test>

    <test name="True North Hockey Canada Test 4">
        <parameter name="data-set" value="data/ui/TNHC_TestData.xml"/>
        <classes>
            <class name="com.automation.common.ui.app.tests.TNHC_Test">
                <methods>
                    <include name="generalUnitTest2"/>
                    <exclude name=".*"/>
                </methods>
            </class>
        </classes>
    </test>

    <test name="True North Hockey Canada Test 5">
        <parameter name="data-set" value="data/ui/TNHC_TestData.xml"/>
        <classes>
            <class name="com.automation.common.ui.app.tests.TNHC_Test">
                <methods>
                    <include name="generalUnitTest3"/>
                    <exclude name=".*"/>
                </methods>
            </class>
        </classes>
    </test>
    -->

    <!--
    <test name="Weather Test" parallel="methods">
        <parameter name="data-weather" value="data/api/GetCityWeatherByZIP_TestData.xml"/>
        <classes>
            <class name="com.automation.common.api.tests.WeatherTest"/>
        </classes>
    </test>
    -->
</suite>
